     R     Theta      V_r      V_theta    V_rV_t      V_phi     v_phi     beta
      0.41      5.77     1.2552     2.8122     0.0000     1.5158     0.0000    -2.2390
      1.16      5.77     1.0226     3.9281     0.0000     3.2107     0.0000   -11.3059
      2.09      5.77     0.7538     5.1800     0.0000     4.6520     0.0000   -41.6550
      3.24      5.77     1.6862     4.7202     0.0000     7.9712     0.0000   -14.0925
      4.68      5.77     1.1958     9.9029     0.0000     7.1423     0.0000   -51.1289
      6.46      5.77     2.2563    10.4859     0.0000    12.3653     0.0000   -24.8161
      8.66      5.77     3.7631    14.8489     0.0000    15.1538     0.0000   -14.8931
     11.40      5.77     5.2168    17.0078     0.0000    17.0956     0.0000    -9.6839
     14.80      5.77     6.6121    18.7895     0.0000    19.5310     0.0000    -7.4000
     19.02      5.77     8.0738    19.4906     0.0000    20.8833     0.0000    -5.2590
     24.25      5.77     9.3726    19.2308     0.0000    22.0105     0.0000    -3.8624
     30.75      5.77    11.4424    19.6180     0.0000    22.2902     0.0000    -2.3672
     38.80      5.77    12.6210    18.6703     0.0000    22.2985     0.0000    -1.6549
     48.80      5.77    15.1188    18.2100     0.0000    21.7722     0.0000    -0.7623
     61.21      5.77    16.5751    17.7339     0.0000    21.1685     0.0000    -0.3879
     76.60      5.77    16.2459    17.6303     0.0000    20.1205     0.0000    -0.3558
     95.71      5.77    13.4494    15.3419     0.0000    20.2919     0.0000    -0.7888
    119.41      5.77    13.9704    14.2722     0.0000    18.3328     0.0000    -0.3828
    148.83      5.77    14.1033    12.8281     0.0000    16.5467     0.0000    -0.1019
    185.33      5.77    13.6752    10.6731     0.0000    14.4411     0.0000     0.1379
      0.41     17.56     1.3461     2.5981     0.0000     1.4866     0.0000    -1.4724
      1.16     17.56     1.2594     3.5722     0.0000     3.2782     0.0000    -6.4108
      2.09     17.56     0.9488     4.5518     0.0000     4.0748     0.0000   -19.7283
      3.24     17.56     1.7743     5.0045     0.0000     7.6711     0.0000   -12.3241
      4.68     17.56     1.2679     9.3822     0.0000     7.5693     0.0000   -44.1976
      6.46     17.56     2.3879    10.7833     0.0000    12.2411     0.0000   -22.3353
      8.66     17.56     4.0257    14.8263     0.0000    15.5688     0.0000   -13.2604
     11.40     17.56     5.5443    17.0402     0.0000    17.3163     0.0000    -8.6006
     14.80     17.56     7.0143    18.8535     0.0000    19.5555     0.0000    -6.4987
     19.02     17.56     8.4821    19.5816     0.0000    21.0653     0.0000    -4.7487
     24.25     17.56     9.9594    19.3647     0.0000    22.1289     0.0000    -3.3588
     30.75     17.56    12.1892    19.7106     0.0000    22.3263     0.0000    -1.9849
     38.80     17.56    13.4314    18.7678     0.0000    22.0993     0.0000    -1.3298
     48.80     17.56    16.0318    18.3156     0.0000    21.1953     0.0000    -0.5265
     61.21     17.56    17.4625    17.7977     0.0000    20.4634     0.0000    -0.2060
     76.60     17.56    16.8901    17.5770     0.0000    19.3041     0.0000    -0.1946
     95.71     17.56    14.0777    15.3990     0.0000    18.9902     0.0000    -0.5081
    119.41     17.56    14.4531    14.3408     0.0000    17.0174     0.0000    -0.1854
    148.83     17.56    14.4885    12.8513     0.0000    15.3814     0.0000     0.0431
    185.33     17.56    13.8658    10.6734     0.0000    13.1641     0.0000     0.2531
      0.41     30.22     1.4645     2.2869     0.0000     1.3592     0.0000    -0.6499
      1.16     30.22     1.3541     3.4926     0.0000     3.1241     0.0000    -4.9876
      2.09     30.22     1.0646     4.6942     0.0000     3.7392     0.0000   -14.8881
      3.24     30.22     1.1194     5.0029     0.0000     6.4788     0.0000   -25.7371
      4.68     30.22     1.2183     7.9358     0.0000     8.7376     0.0000   -45.9301
      6.46     30.22     2.3861    11.3338     0.0000    11.6702     0.0000   -22.2417
      8.66     30.22     3.9444    14.9226     0.0000    15.5352     0.0000   -13.9127
     11.40     30.22     5.7442    17.2275     0.0000    17.7057     0.0000    -8.2477
     14.80     30.22     7.3133    19.0262     0.0000    19.5433     0.0000    -5.9548
     19.02     30.22     8.9683    19.7135     0.0000    21.2473     0.0000    -4.2223
     24.25     30.22    10.5504    19.4315     0.0000    21.9824     0.0000    -2.8667
     30.75     30.22    12.7254    19.7656     0.0000    22.1173     0.0000    -1.7167
     38.80     30.22    13.9970    18.8253     0.0000    21.7361     0.0000    -1.1102
     48.80     30.22    16.5217    18.4079     0.0000    20.6546     0.0000    -0.4021
     61.21     30.22    17.9466    17.8769     0.0000    19.9888     0.0000    -0.1164
     76.60     30.22    17.0685    17.5264     0.0000    18.6506     0.0000    -0.1242
     95.71     30.22    14.3942    15.4370     0.0000    18.2124     0.0000    -0.3755
    119.41     30.22    14.7305    14.4325     0.0000    16.6121     0.0000    -0.1159
    148.83     30.22    14.7131    12.9654     0.0000    14.5968     0.0000     0.1196
    185.33     30.22    13.8655    10.6697     0.0000    12.1974     0.0000     0.3170
      0.41     45.00     1.5986     1.9124     0.0000     1.2326     0.0000    -0.0128
      1.16     45.00     1.7260     2.9700     0.0000     3.1165     0.0000    -2.1107
      2.09     45.00     1.3299     3.6777     0.0000     3.4850     0.0000    -6.2574
      3.24     45.00     1.4263     5.2102     0.0000     6.5257     0.0000   -16.1379
      4.68     45.00     1.2990     7.6665     0.0000     8.5935     0.0000   -38.3001
      6.46     45.00     2.6326    11.2561     0.0000    12.3264     0.0000   -19.1027
      8.66     45.00     4.1858    15.0261     0.0000    15.1196     0.0000   -11.9667
     11.40     45.00     6.0153    17.3719     0.0000    17.7880     0.0000    -7.5425
     14.80     45.00     7.7610    19.2831     0.0000    19.7624     0.0000    -5.3288
     19.02     45.00     9.5581    19.8927     0.0000    21.2159     0.0000    -3.6292
     24.25     45.00    11.1439    19.7077     0.0000    21.2255     0.0000    -2.3776
     30.75     45.00    13.1749    20.1266     0.0000    21.3632     0.0000    -1.4815
     38.80     45.00    14.6499    19.1959     0.0000    21.1691     0.0000    -0.9025
     48.80     45.00    17.2156    18.6915     0.0000    20.4404     0.0000    -0.2943
     61.21     45.00    18.5858    18.1645     0.0000    19.5003     0.0000    -0.0280
     76.60     45.00    17.0726    17.4633     0.0000    18.0134     0.0000    -0.0798
     95.71     45.00    14.8209    15.6779     0.0000    17.0622     0.0000    -0.2222
    119.41     45.00    15.0816    14.6187     0.0000    15.5968     0.0000    -0.0045
    148.83     45.00    14.8587    13.0855     0.0000    13.6235     0.0000     0.1919
    185.33     45.00    13.7940    10.7418     0.0000    11.1177     0.0000     0.3720
      0.41     71.57     1.8839     1.5039     0.0000     1.2286     0.0000     0.4687
      1.16     71.57     2.5361     2.4789     0.0000     2.4166     0.0000     0.0683
      2.09     71.57     1.5674     3.0855     0.0000     3.5176     0.0000    -3.4557
      3.24     71.57     1.5171     6.6564     0.0000     4.3993     0.0000   -12.8293
      4.68     71.57     1.3479     5.2104     0.0000     9.9202     0.0000   -33.5558
      6.46     71.57     2.4451    13.7008     0.0000     7.6643     0.0000   -19.6112
      8.66     71.57     4.2334    14.8310     0.0000    15.0259     0.0000   -11.4356
     11.40     71.57     6.3224    17.8742     0.0000    17.2184     0.0000    -6.7048
     14.80     71.57     8.0916    19.7774     0.0000    19.4985     0.0000    -4.8904
     19.02     71.57     9.8639    20.5851     0.0000    20.1663     0.0000    -3.2675
     24.25     71.57    11.5623    20.4460     0.0000    20.6072     0.0000    -2.1518
     30.75     71.57    13.5897    20.5288     0.0000    20.9733     0.0000    -1.3319
     38.80     71.57    15.2134    19.7448     0.0000    20.1559     0.0000    -0.7199
     48.80     71.57    17.6827    19.1507     0.0000    19.4963     0.0000    -0.1943
     61.21     71.57    19.0542    18.3631     0.0000    19.1704     0.0000     0.0295
     76.60     71.57    16.9012    17.3320     0.0000    17.7246     0.0000    -0.0757
     95.71     71.57    15.2557    16.0199     0.0000    16.5495     0.0000    -0.1398
    119.41     71.57    15.4663    14.7234     0.0000    15.1806     0.0000     0.0652
    148.83     71.57    15.0461    13.1379     0.0000    13.3147     0.0000     0.2272
    185.33     71.57    13.5113    10.5333     0.0000    10.7833     0.0000     0.3776
